<?xml version="1.0" encoding="UTF-8"?>
<!-- Generated by org.testng.reporters.JUnitReportReporter -->
<testsuite hostname="DESKTOP-CVBABQR" failures="0" tests="2" name="Basicoftestng.Practice2" time="0.016" errors="0" timestamp="2023-08-11T12:56:54 IST" skipped="0">
  <testcase classname="Basicoftestng.Practice2" name="method4" time="0.010"/>
  <testcase classname="Basicoftestng.Practice2" name="method5" time="0.006"/>
</testsuite> <!-- Basicoftestng.Practice2 -->
