<?xml version="1.0" encoding="UTF-8"?>
<!-- Generated by org.testng.reporters.JUnitReportReporter -->
<testsuite hostname="DESKTOP-CVBABQR" failures="0" tests="2" name="DataProvider.Demo$DP" time="0.012" errors="0" timestamp="2023-08-14T18:35:03 IST" skipped="0">
  <testcase classname="DataProvider.Demo$DP" name="myTest" time="0.004"/>
  <testcase classname="DataProvider.Demo$DP" name="myTest" time="0.008"/>
</testsuite> <!-- DataProvider.Demo$DP -->
