<?xml version="1.0" encoding="UTF-8"?>
<!-- Generated by org.testng.reporters.JUnitReportReporter -->
<testsuite hostname="DESKTOP-CVBABQR" failures="0" tests="3" name="DataProvider.Demo$TestAnnotationDataProvider" time="0.019" errors="0" timestamp="2023-08-14T19:09:27 IST" skipped="0">
  <testcase classname="DataProvider.Demo$TestAnnotationDataProvider" name="testMethod" time="0.002"/>
  <testcase classname="DataProvider.Demo$TestAnnotationDataProvider" name="testMethod" time="0.008"/>
  <testcase classname="DataProvider.Demo$TestAnnotationDataProvider" name="testMethod" time="0.009"/>
</testsuite> <!-- DataProvider.Demo$TestAnnotationDataProvider -->
